Using pre-set license

 COMMAND LINE ARGUMENTS:
/Applications/Unity/Hub/Editor/2020.3.3f1/Unity.app/Contents/MacOS/Unity
-adb2
-batchMode
-noUpm
-name
AssetImportWorker1
-projectPath
/Users/mediamarkt/Desktop/Git Frog/Frog-Flip
-logFile
Logs/AssetImportWorker1.log
-srvPort
50408
Successfully changed project path to: /Users/mediamarkt/Desktop/Git Frog/Frog-Flip
/Users/mediamarkt/Desktop/Git Frog/Frog-Flip
Using Asset Import Pipeline V2.
Refreshing native plugins compatible for Editor in 50.60 ms, found 2 plugins.
Preloading 0 native plugins for Editor in 0.00 ms.
Initialize engine version: 2020.3.3f1 (76626098c1c4)
[Subsystems] Discovering subsystems at path /Applications/Unity/Hub/Editor/2020.3.3f1/Unity.app/Contents/Resources/UnitySubsystems
[Subsystems] Discovering subsystems at path /Users/mediamarkt/Desktop/Git Frog/Frog-Flip/Assets
GfxDevice: creating device client; threaded=0
2021-05-24 11:03:41.243 Unity[96032:15532696] Color LCD preferred device: Intel(R) Iris(TM) Plus Graphics 645 (low power)
2021-05-24 11:03:41.243 Unity[96032:15532696] Metal devices available: 1
2021-05-24 11:03:41.243 Unity[96032:15532696] 0: Intel(R) Iris(TM) Plus Graphics 645 (low power)
2021-05-24 11:03:41.244 Unity[96032:15532696] Using device Intel(R) Iris(TM) Plus Graphics 645 (low power)
Initializing Metal device caps: Intel(R) Iris(TM) Plus Graphics 645
Initialize mono
Mono path[0] = '/Applications/Unity/Hub/Editor/2020.3.3f1/Unity.app/Contents/Managed'
Mono path[1] = '/Applications/Unity/Hub/Editor/2020.3.3f1/Unity.app/Contents/MonoBleedingEdge/lib/mono/unityjit'
Mono config path = '/Applications/Unity/Hub/Editor/2020.3.3f1/Unity.app/Contents/MonoBleedingEdge/etc'
Using monoOptions --debugger-agent=transport=dt_socket,embedding=1,server=y,suspend=n,address=127.0.0.1:56032
Begin MonoManager ReloadAssembly
Registering precompiled unity dll's ...
Register platform support module: /Applications/Unity/Hub/Editor/2020.3.3f1/Unity.app/Contents/PlaybackEngines/MacStandaloneSupport/UnityEditor.OSXStandalone.Extensions.dll
Registered in 0.000655 seconds.
Native extension for OSXStandalone target not found
Refreshing native plugins compatible for Editor in 44.47 ms, found 2 plugins.
Preloading 0 native plugins for Editor in 0.00 ms.
Invoked RoslynAnalysisRunner static constructor.
RoslynAnalysisRunner will not be running.
RoslynAnalysisRunner has terminated.
Mono: successfully reloaded assembly
- Completed reload, in  5.364 seconds
Platform modules already initialized, skipping
Registering precompiled user dll's ...
Registered in 0.000748 seconds.
Begin MonoManager ReloadAssembly
Native extension for OSXStandalone target not found
Refreshing native plugins compatible for Editor in 40.47 ms, found 2 plugins.
Preloading 0 native plugins for Editor in 0.00 ms.
Invoked RoslynAnalysisRunner static constructor.
RoslynAnalysisRunner will not be running.
RoslynAnalysisRunner has terminated.
Mono: successfully reloaded assembly
- Completed reload, in  1.297 seconds
Platform modules already initialized, skipping
========================================================================
Worker process is ready to serve import requests
Launching external process: /Applications/Unity/Hub/Editor/2020.3.3f1/Unity.app/Contents/Tools/UnityShaderCompiler
Launched and connected shader compiler UnityShaderCompiler after 0.02 seconds
Refreshing native plugins compatible for Editor in 0.46 ms, found 2 plugins.
Preloading 0 native plugins for Editor in 0.00 ms.
Unloading 1869 Unused Serialized files (Serialized files now loaded: 0)
System memory in use before: 148.8 MB.
System memory in use after: 148.7 MB.

Unloading 24 unused Assets to reduce memory usage. Loaded Objects now: 2313.
Total: 3.382714 ms (FindLiveObjects: 0.328033 ms CreateObjectMapping: 0.154218 ms MarkObjects: 2.738641 ms  DeleteObjects: 0.160529 ms)

========================================================================
Received Import Request.
  path: Assets/Game/Finish.cs
  artifactKey: Guid(c2d973da2be7f45b19c03849fb1c86c5) Importer(815301076,1909f56bfc062723c751e8b465ee728b)
Start importing Assets/Game/Finish.cs using Guid(c2d973da2be7f45b19c03849fb1c86c5) Importer(815301076,1909f56bfc062723c751e8b465ee728b)  -> (artifact id: '207075f52b01dda704f0b42b034d015a') in 0.476133 seconds
  Import took 0.486681 seconds .

========================================================================
Received Prepare
Registering precompiled user dll's ...
Registered in 0.000791 seconds.
Begin MonoManager ReloadAssembly
Native extension for OSXStandalone target not found
Refreshing native plugins compatible for Editor in 0.46 ms, found 2 plugins.
Preloading 0 native plugins for Editor in 0.00 ms.
Invoked RoslynAnalysisRunner static constructor.
RoslynAnalysisRunner will not be running.
RoslynAnalysisRunner has terminated.
Mono: successfully reloaded assembly
- Completed reload, in  1.048 seconds
Platform modules already initialized, skipping
Refreshing native plugins compatible for Editor in 0.48 ms, found 2 plugins.
Preloading 0 native plugins for Editor in 0.00 ms.
Unloading 1851 Unused Serialized files (Serialized files now loaded: 0)
System memory in use before: 151.9 MB.
System memory in use after: 151.9 MB.

Unloading 12 unused Assets to reduce memory usage. Loaded Objects now: 2317.
Total: 2.365819 ms (FindLiveObjects: 0.352062 ms CreateObjectMapping: 0.091376 ms MarkObjects: 1.813392 ms  DeleteObjects: 0.108077 ms)

========================================================================
Received Import Request.
  Time since last request: 66.095367 seconds.
  path: Assets/Game/Finish.cs
  artifactKey: Guid(c2d973da2be7f45b19c03849fb1c86c5) Importer(815301076,1909f56bfc062723c751e8b465ee728b)
Start importing Assets/Game/Finish.cs using Guid(c2d973da2be7f45b19c03849fb1c86c5) Importer(815301076,1909f56bfc062723c751e8b465ee728b)  -> (artifact id: '714a6ef3cba8a7d56caa9e443fc0cf0c') in 0.004584 seconds
  Import took 0.009243 seconds .

========================================================================
Received Import Request.
  Time since last request: 0.042519 seconds.
  path: Assets/Game/Finish.cs
  artifactKey: Guid(c2d973da2be7f45b19c03849fb1c86c5) Importer(815301076,1909f56bfc062723c751e8b465ee728b)
Start importing Assets/Game/Finish.cs using Guid(c2d973da2be7f45b19c03849fb1c86c5) Importer(815301076,1909f56bfc062723c751e8b465ee728b)  -> (artifact id: '714a6ef3cba8a7d56caa9e443fc0cf0c') in 0.001380 seconds
  Import took 0.007554 seconds .

========================================================================
Received Prepare
Registering precompiled user dll's ...
Registered in 0.000636 seconds.
Begin MonoManager ReloadAssembly
Native extension for OSXStandalone target not found
Refreshing native plugins compatible for Editor in 0.45 ms, found 2 plugins.
Preloading 0 native plugins for Editor in 0.00 ms.
Invoked RoslynAnalysisRunner static constructor.
RoslynAnalysisRunner will not be running.
RoslynAnalysisRunner has terminated.
Mono: successfully reloaded assembly
- Completed reload, in  0.993 seconds
Platform modules already initialized, skipping
Refreshing native plugins compatible for Editor in 0.48 ms, found 2 plugins.
Preloading 0 native plugins for Editor in 0.00 ms.
Unloading 1851 Unused Serialized files (Serialized files now loaded: 0)
System memory in use before: 152.1 MB.
System memory in use after: 152.1 MB.

Unloading 12 unused Assets to reduce memory usage. Loaded Objects now: 2321.
Total: 2.141562 ms (FindLiveObjects: 0.226335 ms CreateObjectMapping: 0.068723 ms MarkObjects: 1.729387 ms  DeleteObjects: 0.116343 ms)

========================================================================
Received Prepare
Registering precompiled user dll's ...
Registered in 0.000625 seconds.
Begin MonoManager ReloadAssembly
Native extension for OSXStandalone target not found
Refreshing native plugins compatible for Editor in 0.39 ms, found 2 plugins.
Preloading 0 native plugins for Editor in 0.00 ms.
Invoked RoslynAnalysisRunner static constructor.
RoslynAnalysisRunner will not be running.
RoslynAnalysisRunner has terminated.
Mono: successfully reloaded assembly
- Completed reload, in  1.010 seconds
Platform modules already initialized, skipping
Refreshing native plugins compatible for Editor in 0.55 ms, found 2 plugins.
Preloading 0 native plugins for Editor in 0.00 ms.
Unloading 1851 Unused Serialized files (Serialized files now loaded: 0)
System memory in use before: 152.3 MB.
System memory in use after: 152.3 MB.

Unloading 12 unused Assets to reduce memory usage. Loaded Objects now: 2325.
Total: 2.660392 ms (FindLiveObjects: 0.390471 ms CreateObjectMapping: 0.093460 ms MarkObjects: 2.043129 ms  DeleteObjects: 0.131855 ms)

========================================================================
Received Prepare
Registering precompiled user dll's ...
Registered in 0.000628 seconds.
Begin MonoManager ReloadAssembly
Native extension for OSXStandalone target not found
Refreshing native plugins compatible for Editor in 0.44 ms, found 2 plugins.
Preloading 0 native plugins for Editor in 0.00 ms.
Invoked RoslynAnalysisRunner static constructor.
RoslynAnalysisRunner will not be running.
RoslynAnalysisRunner has terminated.
Mono: successfully reloaded assembly
- Completed reload, in  0.994 seconds
Platform modules already initialized, skipping
Refreshing native plugins compatible for Editor in 0.39 ms, found 2 plugins.
Preloading 0 native plugins for Editor in 0.00 ms.
Unloading 1851 Unused Serialized files (Serialized files now loaded: 0)
System memory in use before: 152.5 MB.
System memory in use after: 152.5 MB.

Unloading 12 unused Assets to reduce memory usage. Loaded Objects now: 2329.
Total: 2.086429 ms (FindLiveObjects: 0.226161 ms CreateObjectMapping: 0.058550 ms MarkObjects: 1.690753 ms  DeleteObjects: 0.109940 ms)

========================================================================
Received Prepare
Registering precompiled user dll's ...
Registered in 0.000693 seconds.
Begin MonoManager ReloadAssembly
Native extension for OSXStandalone target not found
Refreshing native plugins compatible for Editor in 0.51 ms, found 2 plugins.
Preloading 0 native plugins for Editor in 0.00 ms.
Invoked RoslynAnalysisRunner static constructor.
RoslynAnalysisRunner will not be running.
RoslynAnalysisRunner has terminated.
Mono: successfully reloaded assembly
- Completed reload, in  1.012 seconds
Platform modules already initialized, skipping
Refreshing native plugins compatible for Editor in 0.49 ms, found 2 plugins.
Preloading 0 native plugins for Editor in 0.00 ms.
Unloading 1851 Unused Serialized files (Serialized files now loaded: 0)
System memory in use before: 152.7 MB.
System memory in use after: 152.7 MB.

Unloading 12 unused Assets to reduce memory usage. Loaded Objects now: 2333.
Total: 2.518833 ms (FindLiveObjects: 0.301740 ms CreateObjectMapping: 0.113297 ms MarkObjects: 1.969802 ms  DeleteObjects: 0.133048 ms)

