Using pre-set license

 COMMAND LINE ARGUMENTS:
/Applications/Unity/Hub/Editor/2020.3.3f1/Unity.app/Contents/MacOS/Unity
-adb2
-batchMode
-noUpm
-name
AssetImportWorker0
-projectPath
/Users/mediamarkt/Downloads/Frog Flip 5
-logFile
Logs/AssetImportWorker0.log
-srvPort
65455
Successfully changed project path to: /Users/mediamarkt/Downloads/Frog Flip 5
/Users/mediamarkt/Downloads/Frog Flip 5
Using Asset Import Pipeline V2.
Refreshing native plugins compatible for Editor in 45.79 ms, found 2 plugins.
Preloading 0 native plugins for Editor in 0.00 ms.
Initialize engine version: 2020.3.3f1 (76626098c1c4)
[Subsystems] Discovering subsystems at path /Applications/Unity/Hub/Editor/2020.3.3f1/Unity.app/Contents/Resources/UnitySubsystems
[Subsystems] Discovering subsystems at path /Users/mediamarkt/Downloads/Frog Flip 5/Assets
GfxDevice: creating device client; threaded=0
2021-05-24 01:08:21.020 Unity[91300:15379310] Color LCD preferred device: Intel(R) Iris(TM) Plus Graphics 645 (low power)
2021-05-24 01:08:21.020 Unity[91300:15379310] Metal devices available: 1
2021-05-24 01:08:21.020 Unity[91300:15379310] 0: Intel(R) Iris(TM) Plus Graphics 645 (low power)
2021-05-24 01:08:21.020 Unity[91300:15379310] Using device Intel(R) Iris(TM) Plus Graphics 645 (low power)
Initializing Metal device caps: Intel(R) Iris(TM) Plus Graphics 645
Initialize mono
Mono path[0] = '/Applications/Unity/Hub/Editor/2020.3.3f1/Unity.app/Contents/Managed'
Mono path[1] = '/Applications/Unity/Hub/Editor/2020.3.3f1/Unity.app/Contents/MonoBleedingEdge/lib/mono/unityjit'
Mono config path = '/Applications/Unity/Hub/Editor/2020.3.3f1/Unity.app/Contents/MonoBleedingEdge/etc'
Using monoOptions --debugger-agent=transport=dt_socket,embedding=1,server=y,suspend=n,address=127.0.0.1:56300
Begin MonoManager ReloadAssembly
Registering precompiled unity dll's ...
Register platform support module: /Applications/Unity/Hub/Editor/2020.3.3f1/Unity.app/Contents/PlaybackEngines/MacStandaloneSupport/UnityEditor.OSXStandalone.Extensions.dll
Registered in 0.000681 seconds.
Native extension for OSXStandalone target not found
Refreshing native plugins compatible for Editor in 37.29 ms, found 2 plugins.
Preloading 0 native plugins for Editor in 0.00 ms.
Invoked RoslynAnalysisRunner static constructor.
RoslynAnalysisRunner will not be running.
RoslynAnalysisRunner has terminated.
Mono: successfully reloaded assembly
- Completed reload, in  1.905 seconds
Platform modules already initialized, skipping
Registering precompiled user dll's ...
Registered in 0.000581 seconds.
Begin MonoManager ReloadAssembly
Native extension for OSXStandalone target not found
Refreshing native plugins compatible for Editor in 37.40 ms, found 2 plugins.
Preloading 0 native plugins for Editor in 0.00 ms.
Invoked RoslynAnalysisRunner static constructor.
RoslynAnalysisRunner will not be running.
RoslynAnalysisRunner has terminated.
Mono: successfully reloaded assembly
- Completed reload, in  1.104 seconds
Platform modules already initialized, skipping
========================================================================
Worker process is ready to serve import requests
Launching external process: /Applications/Unity/Hub/Editor/2020.3.3f1/Unity.app/Contents/Tools/UnityShaderCompiler
Launched and connected shader compiler UnityShaderCompiler after 0.01 seconds
Refreshing native plugins compatible for Editor in 0.49 ms, found 2 plugins.
Preloading 0 native plugins for Editor in 0.00 ms.
Unloading 1869 Unused Serialized files (Serialized files now loaded: 0)
System memory in use before: 148.9 MB.
System memory in use after: 148.8 MB.

Unloading 24 unused Assets to reduce memory usage. Loaded Objects now: 2313.
Total: 2.943513 ms (FindLiveObjects: 0.320860 ms CreateObjectMapping: 0.128977 ms MarkObjects: 2.348535 ms  DeleteObjects: 0.143946 ms)

========================================================================
Received Import Request.
  path: Assets/Game/Level.prefab
  artifactKey: Guid(035d846d937904a9b8ec59c3e7906180) Importer(815301076,1909f56bfc062723c751e8b465ee728b)
Start importing Assets/Game/Level.prefab using Guid(035d846d937904a9b8ec59c3e7906180) Importer(815301076,1909f56bfc062723c751e8b465ee728b)  -> (artifact id: '3681d0d598cc18c54e57da4a6ef17750') in 0.603147 seconds
  Import took 0.609013 seconds .

========================================================================
Received Prepare
Registering precompiled user dll's ...
Registered in 0.001738 seconds.
Begin MonoManager ReloadAssembly
Native extension for OSXStandalone target not found
Refreshing native plugins compatible for Editor in 0.46 ms, found 2 plugins.
Preloading 0 native plugins for Editor in 0.00 ms.
Invoked RoslynAnalysisRunner static constructor.
RoslynAnalysisRunner will not be running.
RoslynAnalysisRunner has terminated.
Mono: successfully reloaded assembly
- Completed reload, in  1.061 seconds
Platform modules already initialized, skipping
Refreshing native plugins compatible for Editor in 0.61 ms, found 2 plugins.
Preloading 0 native plugins for Editor in 0.00 ms.
Unloading 1851 Unused Serialized files (Serialized files now loaded: 0)
System memory in use before: 152.1 MB.
System memory in use after: 152.1 MB.

Unloading 12 unused Assets to reduce memory usage. Loaded Objects now: 2317.
Total: 2.493017 ms (FindLiveObjects: 0.254191 ms CreateObjectMapping: 0.088266 ms MarkObjects: 2.033118 ms  DeleteObjects: 0.116201 ms)

========================================================================
Received Import Request.
  Time since last request: 48.404033 seconds.
  path: Assets/MainMenu/PlayControls.prefab
  artifactKey: Guid(8d6bed4c498e34671a0a889cae49560e) Importer(815301076,1909f56bfc062723c751e8b465ee728b)
Start importing Assets/MainMenu/PlayControls.prefab using Guid(8d6bed4c498e34671a0a889cae49560e) Importer(815301076,1909f56bfc062723c751e8b465ee728b)  -> (artifact id: 'fd1f1163be9ac0a34d6967533a77984d') in 0.155772 seconds
  Import took 0.161717 seconds .

========================================================================
Received Import Request.
  Time since last request: 8.316824 seconds.
  path: Assets/MainMenu/PlayControls.prefab
  artifactKey: Guid(8d6bed4c498e34671a0a889cae49560e) Importer(815301076,1909f56bfc062723c751e8b465ee728b)
Start importing Assets/MainMenu/PlayControls.prefab using Guid(8d6bed4c498e34671a0a889cae49560e) Importer(815301076,1909f56bfc062723c751e8b465ee728b)  -> (artifact id: '93fd0aeeacbc66f44a49f60538aafdfc') in 0.042699 seconds
  Import took 0.048631 seconds .

========================================================================
Received Prepare
Registering precompiled user dll's ...
Registered in 0.001305 seconds.
Begin MonoManager ReloadAssembly
Native extension for OSXStandalone target not found
Refreshing native plugins compatible for Editor in 0.43 ms, found 2 plugins.
Preloading 0 native plugins for Editor in 0.00 ms.
Invoked RoslynAnalysisRunner static constructor.
RoslynAnalysisRunner will not be running.
RoslynAnalysisRunner has terminated.
Mono: successfully reloaded assembly
- Completed reload, in  1.020 seconds
Platform modules already initialized, skipping
Refreshing native plugins compatible for Editor in 0.49 ms, found 2 plugins.
Preloading 0 native plugins for Editor in 0.00 ms.
Unloading 1851 Unused Serialized files (Serialized files now loaded: 0)
System memory in use before: 152.5 MB.
System memory in use after: 152.5 MB.

Unloading 12 unused Assets to reduce memory usage. Loaded Objects now: 2321.
Total: 2.814512 ms (FindLiveObjects: 0.254711 ms CreateObjectMapping: 0.080781 ms MarkObjects: 2.345259 ms  DeleteObjects: 0.132510 ms)

========================================================================
Received Import Request.
  Time since last request: 27.793894 seconds.
  path: Assets/MainMenu/PlayControls.prefab
  artifactKey: Guid(8d6bed4c498e34671a0a889cae49560e) Importer(815301076,1909f56bfc062723c751e8b465ee728b)
Start importing Assets/MainMenu/PlayControls.prefab using Guid(8d6bed4c498e34671a0a889cae49560e) Importer(815301076,1909f56bfc062723c751e8b465ee728b)  -> (artifact id: '0597fcefffa1d8a1361d8613ace2e794') in 0.157761 seconds
  Import took 0.162669 seconds .

========================================================================
Received Import Request.
  Time since last request: 3.987993 seconds.
  path: Assets/MainMenu/PlayControls.prefab
  artifactKey: Guid(8d6bed4c498e34671a0a889cae49560e) Importer(815301076,1909f56bfc062723c751e8b465ee728b)
Start importing Assets/MainMenu/PlayControls.prefab using Guid(8d6bed4c498e34671a0a889cae49560e) Importer(815301076,1909f56bfc062723c751e8b465ee728b)  -> (artifact id: 'd27ef5883f0c4b7ec02da43c940f6ae0') in 0.038794 seconds
  Import took 0.043636 seconds .

========================================================================
Received Import Request.
  Time since last request: 5.048881 seconds.
  path: Assets/MainMenu/PlayControls.prefab
  artifactKey: Guid(8d6bed4c498e34671a0a889cae49560e) Importer(815301076,1909f56bfc062723c751e8b465ee728b)
Start importing Assets/MainMenu/PlayControls.prefab using Guid(8d6bed4c498e34671a0a889cae49560e) Importer(815301076,1909f56bfc062723c751e8b465ee728b)  -> (artifact id: '8eab3eca0c74df0540dc398770ae535b') in 0.038748 seconds
  Import took 0.042725 seconds .

========================================================================
Received Import Request.
  Time since last request: 6.417831 seconds.
  path: Assets/MainMenu/PlayControls.prefab
  artifactKey: Guid(8d6bed4c498e34671a0a889cae49560e) Importer(815301076,1909f56bfc062723c751e8b465ee728b)
Start importing Assets/MainMenu/PlayControls.prefab using Guid(8d6bed4c498e34671a0a889cae49560e) Importer(815301076,1909f56bfc062723c751e8b465ee728b)  -> (artifact id: '2d9948c7936ceeda9de318eb7a3dcff1') in 0.038940 seconds
  Import took 0.043792 seconds .

========================================================================
Received Prepare
Registering precompiled user dll's ...
Registered in 0.001779 seconds.
Begin MonoManager ReloadAssembly
Native extension for OSXStandalone target not found
Refreshing native plugins compatible for Editor in 0.47 ms, found 2 plugins.
Preloading 0 native plugins for Editor in 0.00 ms.
Invoked RoslynAnalysisRunner static constructor.
RoslynAnalysisRunner will not be running.
RoslynAnalysisRunner has terminated.
Mono: successfully reloaded assembly
- Completed reload, in  1.256 seconds
Platform modules already initialized, skipping
Refreshing native plugins compatible for Editor in 0.38 ms, found 2 plugins.
Preloading 0 native plugins for Editor in 0.00 ms.
Unloading 1851 Unused Serialized files (Serialized files now loaded: 0)
System memory in use before: 152.8 MB.
System memory in use after: 152.8 MB.

Unloading 12 unused Assets to reduce memory usage. Loaded Objects now: 2325.
Total: 2.686115 ms (FindLiveObjects: 0.215252 ms CreateObjectMapping: 0.090916 ms MarkObjects: 2.257663 ms  DeleteObjects: 0.120997 ms)

========================================================================
Received Prepare
Registering precompiled user dll's ...
Registered in 0.002460 seconds.
Begin MonoManager ReloadAssembly
Native extension for OSXStandalone target not found
Refreshing native plugins compatible for Editor in 0.52 ms, found 2 plugins.
Preloading 0 native plugins for Editor in 0.00 ms.
Invoked RoslynAnalysisRunner static constructor.
RoslynAnalysisRunner will not be running.
RoslynAnalysisRunner has terminated.
Mono: successfully reloaded assembly
- Completed reload, in  1.240 seconds
Platform modules already initialized, skipping
Refreshing native plugins compatible for Editor in 0.42 ms, found 2 plugins.
Preloading 0 native plugins for Editor in 0.00 ms.
Unloading 1851 Unused Serialized files (Serialized files now loaded: 0)
System memory in use before: 153.0 MB.
System memory in use after: 153.0 MB.

Unloading 12 unused Assets to reduce memory usage. Loaded Objects now: 2329.
Total: 2.945256 ms (FindLiveObjects: 0.240237 ms CreateObjectMapping: 0.069791 ms MarkObjects: 2.508907 ms  DeleteObjects: 0.123943 ms)

========================================================================
Received Prepare
Registering precompiled user dll's ...
Registered in 0.000665 seconds.
Begin MonoManager ReloadAssembly
Native extension for OSXStandalone target not found
Refreshing native plugins compatible for Editor in 0.45 ms, found 2 plugins.
Preloading 0 native plugins for Editor in 0.00 ms.
Invoked RoslynAnalysisRunner static constructor.
RoslynAnalysisRunner will not be running.
RoslynAnalysisRunner has terminated.
Mono: successfully reloaded assembly
- Completed reload, in  1.139 seconds
Platform modules already initialized, skipping
Refreshing native plugins compatible for Editor in 0.39 ms, found 2 plugins.
Preloading 0 native plugins for Editor in 0.00 ms.
Unloading 1851 Unused Serialized files (Serialized files now loaded: 0)
System memory in use before: 153.2 MB.
System memory in use after: 153.2 MB.

Unloading 12 unused Assets to reduce memory usage. Loaded Objects now: 2333.
Total: 2.593869 ms (FindLiveObjects: 0.240610 ms CreateObjectMapping: 0.087696 ms MarkObjects: 2.141266 ms  DeleteObjects: 0.123068 ms)

========================================================================
Received Prepare
Registering precompiled user dll's ...
Registered in 0.002417 seconds.
Begin MonoManager ReloadAssembly
Native extension for OSXStandalone target not found
Refreshing native plugins compatible for Editor in 0.46 ms, found 2 plugins.
Preloading 0 native plugins for Editor in 0.00 ms.
Invoked RoslynAnalysisRunner static constructor.
RoslynAnalysisRunner will not be running.
RoslynAnalysisRunner has terminated.
Mono: successfully reloaded assembly
- Completed reload, in  1.034 seconds
Platform modules already initialized, skipping
Refreshing native plugins compatible for Editor in 0.59 ms, found 2 plugins.
Preloading 0 native plugins for Editor in 0.00 ms.
Unloading 1851 Unused Serialized files (Serialized files now loaded: 0)
System memory in use before: 153.4 MB.
System memory in use after: 153.4 MB.

Unloading 12 unused Assets to reduce memory usage. Loaded Objects now: 2337.
Total: 3.379294 ms (FindLiveObjects: 0.329205 ms CreateObjectMapping: 0.106705 ms MarkObjects: 2.772818 ms  DeleteObjects: 0.169102 ms)

========================================================================
Received Prepare
Registering precompiled user dll's ...
Registered in 0.000633 seconds.
Begin MonoManager ReloadAssembly
Native extension for OSXStandalone target not found
Refreshing native plugins compatible for Editor in 0.45 ms, found 2 plugins.
Preloading 0 native plugins for Editor in 0.00 ms.
Invoked RoslynAnalysisRunner static constructor.
RoslynAnalysisRunner will not be running.
RoslynAnalysisRunner has terminated.
Mono: successfully reloaded assembly
- Completed reload, in  0.997 seconds
Platform modules already initialized, skipping
Refreshing native plugins compatible for Editor in 0.54 ms, found 2 plugins.
Preloading 0 native plugins for Editor in 0.00 ms.
Unloading 1851 Unused Serialized files (Serialized files now loaded: 0)
System memory in use before: 153.6 MB.
System memory in use after: 153.5 MB.

Unloading 12 unused Assets to reduce memory usage. Loaded Objects now: 2341.
Total: 3.525514 ms (FindLiveObjects: 0.370276 ms CreateObjectMapping: 0.126153 ms MarkObjects: 2.855078 ms  DeleteObjects: 0.171554 ms)

========================================================================
Received Prepare
Registering precompiled user dll's ...
Registered in 0.000801 seconds.
Begin MonoManager ReloadAssembly
Native extension for OSXStandalone target not found
Refreshing native plugins compatible for Editor in 0.44 ms, found 2 plugins.
Preloading 0 native plugins for Editor in 0.00 ms.
Invoked RoslynAnalysisRunner static constructor.
RoslynAnalysisRunner will not be running.
RoslynAnalysisRunner has terminated.
Mono: successfully reloaded assembly
- Completed reload, in  1.109 seconds
Platform modules already initialized, skipping
Refreshing native plugins compatible for Editor in 0.61 ms, found 2 plugins.
Preloading 0 native plugins for Editor in 0.00 ms.
Unloading 1851 Unused Serialized files (Serialized files now loaded: 0)
System memory in use before: 153.8 MB.
System memory in use after: 153.7 MB.

Unloading 12 unused Assets to reduce memory usage. Loaded Objects now: 2345.
Total: 3.420537 ms (FindLiveObjects: 0.372875 ms CreateObjectMapping: 0.120748 ms MarkObjects: 2.755664 ms  DeleteObjects: 0.169548 ms)

========================================================================
Received Prepare
Registering precompiled user dll's ...
Registered in 0.000704 seconds.
Begin MonoManager ReloadAssembly
Native extension for OSXStandalone target not found
Refreshing native plugins compatible for Editor in 0.45 ms, found 2 plugins.
Preloading 0 native plugins for Editor in 0.00 ms.
Invoked RoslynAnalysisRunner static constructor.
RoslynAnalysisRunner will not be running.
RoslynAnalysisRunner has terminated.
Mono: successfully reloaded assembly
- Completed reload, in  1.020 seconds
Platform modules already initialized, skipping
Refreshing native plugins compatible for Editor in 0.64 ms, found 2 plugins.
Preloading 0 native plugins for Editor in 0.00 ms.
Unloading 1851 Unused Serialized files (Serialized files now loaded: 0)
System memory in use before: 154.0 MB.
System memory in use after: 153.9 MB.

Unloading 12 unused Assets to reduce memory usage. Loaded Objects now: 2349.
Total: 3.431859 ms (FindLiveObjects: 0.376473 ms CreateObjectMapping: 0.129678 ms MarkObjects: 2.727183 ms  DeleteObjects: 0.196997 ms)

========================================================================
Received Prepare
Registering precompiled user dll's ...
Registered in 0.000770 seconds.
Begin MonoManager ReloadAssembly
Native extension for OSXStandalone target not found
Refreshing native plugins compatible for Editor in 0.47 ms, found 2 plugins.
Preloading 0 native plugins for Editor in 0.00 ms.
Invoked RoslynAnalysisRunner static constructor.
RoslynAnalysisRunner will not be running.
RoslynAnalysisRunner has terminated.
Mono: successfully reloaded assembly
- Completed reload, in  0.988 seconds
Platform modules already initialized, skipping
Refreshing native plugins compatible for Editor in 0.59 ms, found 2 plugins.
Preloading 0 native plugins for Editor in 0.00 ms.
Unloading 1851 Unused Serialized files (Serialized files now loaded: 0)
System memory in use before: 154.2 MB.
System memory in use after: 154.1 MB.

Unloading 12 unused Assets to reduce memory usage. Loaded Objects now: 2353.
Total: 3.444178 ms (FindLiveObjects: 0.317676 ms CreateObjectMapping: 0.115654 ms MarkObjects: 2.835293 ms  DeleteObjects: 0.173906 ms)

========================================================================
Received Prepare
Registering precompiled user dll's ...
Registered in 0.000642 seconds.
Begin MonoManager ReloadAssembly
Native extension for OSXStandalone target not found
Refreshing native plugins compatible for Editor in 0.41 ms, found 2 plugins.
Preloading 0 native plugins for Editor in 0.00 ms.
Invoked RoslynAnalysisRunner static constructor.
RoslynAnalysisRunner will not be running.
RoslynAnalysisRunner has terminated.
Mono: successfully reloaded assembly
- Completed reload, in  1.019 seconds
Platform modules already initialized, skipping
Refreshing native plugins compatible for Editor in 0.32 ms, found 2 plugins.
Preloading 0 native plugins for Editor in 0.00 ms.
Unloading 1851 Unused Serialized files (Serialized files now loaded: 0)
System memory in use before: 154.3 MB.
System memory in use after: 154.3 MB.

Unloading 12 unused Assets to reduce memory usage. Loaded Objects now: 2357.
Total: 2.034874 ms (FindLiveObjects: 0.189824 ms CreateObjectMapping: 0.068087 ms MarkObjects: 1.679526 ms  DeleteObjects: 0.096559 ms)

========================================================================
Received Prepare
Registering precompiled user dll's ...
Registered in 0.001789 seconds.
Begin MonoManager ReloadAssembly
Native extension for OSXStandalone target not found
Refreshing native plugins compatible for Editor in 0.43 ms, found 2 plugins.
Preloading 0 native plugins for Editor in 0.00 ms.
Invoked RoslynAnalysisRunner static constructor.
RoslynAnalysisRunner will not be running.
RoslynAnalysisRunner has terminated.
Mono: successfully reloaded assembly
- Completed reload, in  1.110 seconds
Platform modules already initialized, skipping
Refreshing native plugins compatible for Editor in 0.46 ms, found 2 plugins.
Preloading 0 native plugins for Editor in 0.00 ms.
Unloading 1851 Unused Serialized files (Serialized files now loaded: 0)
System memory in use before: 154.5 MB.
System memory in use after: 154.5 MB.

Unloading 12 unused Assets to reduce memory usage. Loaded Objects now: 2361.
Total: 2.583604 ms (FindLiveObjects: 0.220139 ms CreateObjectMapping: 0.066808 ms MarkObjects: 2.169458 ms  DeleteObjects: 0.125955 ms)

========================================================================
Received Prepare
Registering precompiled user dll's ...
Registered in 0.001484 seconds.
Begin MonoManager ReloadAssembly
Native extension for OSXStandalone target not found
Refreshing native plugins compatible for Editor in 0.44 ms, found 2 plugins.
Preloading 0 native plugins for Editor in 0.00 ms.
Invoked RoslynAnalysisRunner static constructor.
RoslynAnalysisRunner will not be running.
RoslynAnalysisRunner has terminated.
Mono: successfully reloaded assembly
- Completed reload, in  1.129 seconds
Platform modules already initialized, skipping
Refreshing native plugins compatible for Editor in 0.59 ms, found 2 plugins.
Preloading 0 native plugins for Editor in 0.00 ms.
Unloading 1851 Unused Serialized files (Serialized files now loaded: 0)
System memory in use before: 154.7 MB.
System memory in use after: 154.7 MB.

Unloading 12 unused Assets to reduce memory usage. Loaded Objects now: 2365.
Total: 3.720234 ms (FindLiveObjects: 0.454269 ms CreateObjectMapping: 0.120767 ms MarkObjects: 2.871927 ms  DeleteObjects: 0.271230 ms)

========================================================================
Received Prepare
Registering precompiled user dll's ...
Registered in 0.001135 seconds.
Begin MonoManager ReloadAssembly
Native extension for OSXStandalone target not found
Refreshing native plugins compatible for Editor in 0.43 ms, found 2 plugins.
Preloading 0 native plugins for Editor in 0.00 ms.
Invoked RoslynAnalysisRunner static constructor.
RoslynAnalysisRunner will not be running.
RoslynAnalysisRunner has terminated.
Mono: successfully reloaded assembly
- Completed reload, in  1.172 seconds
Platform modules already initialized, skipping
Refreshing native plugins compatible for Editor in 0.45 ms, found 2 plugins.
Preloading 0 native plugins for Editor in 0.00 ms.
Unloading 1851 Unused Serialized files (Serialized files now loaded: 0)
System memory in use before: 154.9 MB.
System memory in use after: 154.9 MB.

Unloading 12 unused Assets to reduce memory usage. Loaded Objects now: 2369.
Total: 2.261794 ms (FindLiveObjects: 0.301384 ms CreateObjectMapping: 0.077912 ms MarkObjects: 1.753790 ms  DeleteObjects: 0.126519 ms)

========================================================================
Received Prepare
Registering precompiled user dll's ...
Registered in 0.000864 seconds.
Begin MonoManager ReloadAssembly
Native extension for OSXStandalone target not found
Refreshing native plugins compatible for Editor in 0.53 ms, found 2 plugins.
Preloading 0 native plugins for Editor in 0.00 ms.
Invoked RoslynAnalysisRunner static constructor.
RoslynAnalysisRunner will not be running.
RoslynAnalysisRunner has terminated.
Mono: successfully reloaded assembly
- Completed reload, in  1.057 seconds
Platform modules already initialized, skipping
Refreshing native plugins compatible for Editor in 0.41 ms, found 2 plugins.
Preloading 0 native plugins for Editor in 0.00 ms.
Unloading 1851 Unused Serialized files (Serialized files now loaded: 0)
System memory in use before: 155.1 MB.
System memory in use after: 155.1 MB.

Unloading 12 unused Assets to reduce memory usage. Loaded Objects now: 2373.
Total: 2.081044 ms (FindLiveObjects: 0.231868 ms CreateObjectMapping: 0.068875 ms MarkObjects: 1.672459 ms  DeleteObjects: 0.106944 ms)

AssetImportWorkerClient::OnTransportError - code=2 error=End of file
